<?xml version="1.0" encoding="UTF-8"?>
<!-- Generated by org.testng.reporters.JUnitXMLReporter -->
<testsuite hostname="Asus-PC" ignored="0" name="Test" tests="3" failures="0" timestamp="01 Dec 2018 10:00:38 GMT" time="60.873" errors="0">
  <testcase name="testValidLoginLogout" time="8.785" classname="com.actitime.tests.ValidLoginLogoutTest"/>
  <testcase name="testVerifyVersion" time="0.17" classname="com.actitime.tests.VerifyVersionTest"/>
  <testcase name="verifyBuildNo" time="6.901" classname="com.actitime.tests.VerifyBuildNumberTest"/>
</testsuite> <!-- Test -->
